<?xml version="1.0" encoding="UTF-8"?>
<testsuite xmlns:xsi="http://www.w3.org/2001/XMLSchema-instance" xsi:noNamespaceSchemaLocation="https://maven.apache.org/surefire/maven-surefire-plugin/xsd/surefire-test-report-3.0.xsd" version="3.0" name="com.teracrafts.huefy.models.SendEmailRequestTest" time="0.079" tests="13" errors="0" skipped="0" failures="0">
  <properties>
[...]
</properties>
  <testcase name="validate_withEmptyTemplateKey_throwsIllegalArgumentException" classname="com.teracrafts.huefy.models.SendEmailRequestTest" time="0.055"/>
  <testcase name="validate_withInvalidEmailFormats_throwsIllegalArgumentException" classname="com.teracrafts.huefy.models.SendEmailRequestTest" time="0.0"/>
  <testcase name="validate_withEmptyRecipient_throwsIllegalArgumentException" classname="com.teracrafts.huefy.models.SendEmailRequestTest" time="0.0"/>
  <testcase name="validate_withEmptyData_throwsIllegalArgumentException" classname="com.teracrafts.huefy.models.SendEmailRequestTest" time="0.0"/>
  <testcase name="validate_withValidEmailFormats_doesNotThrow" classname="com.teracrafts.huefy.models.SendEmailRequestTest" time="0.001"/>
  <testcase name="builder_withValidData_createsRequest" classname="com.teracrafts.huefy.models.SendEmailRequestTest" time="0.007"/>
  <testcase name="validate_withNullTemplateKey_throwsIllegalArgumentException" classname="com.teracrafts.huefy.models.SendEmailRequestTest" time="0.0"/>
  <testcase name="validate_withNullRecipient_throwsIllegalArgumentException" classname="com.teracrafts.huefy.models.SendEmailRequestTest" time="0.001"/>
  <testcase name="validate_withInvalidEmailFormat_throwsIllegalArgumentException" classname="com.teracrafts.huefy.models.SendEmailRequestTest" time="0.0"/>
  <testcase name="builder_withoutProvider_createsRequestWithNullProvider" classname="com.teracrafts.huefy.models.SendEmailRequestTest" time="0.0"/>
  <testcase name="validate_withNullData_throwsIllegalArgumentException" classname="com.teracrafts.huefy.models.SendEmailRequestTest" time="0.0"/>
  <testcase name="validate_withValidRequest_doesNotThrow" classname="com.teracrafts.huefy.models.SendEmailRequestTest" time="0.0"/>
  <testcase name="validate_withWhitespaceTemplateKey_throwsIllegalArgumentException" classname="com.teracrafts.huefy.models.SendEmailRequestTest" time="0.0"/>
</testsuite>